Arguments: 
  C:\Program Files\nodejs\node.exe C:\Users\Amit Singh\AppData\Roaming\npm\node_modules\yarn\bin\yarn.js init

PATH: 
  C:\Users\Amit Singh\bin;C:\Program Files\Git\mingw64\bin;C:\Program Files\Git\usr\local\bin;C:\Program Files\Git\usr\bin;C:\Program Files\Git\usr\bin;C:\Program Files\Git\mingw64\bin;C:\Program Files\Git\usr\bin;C:\Users\Amit Singh\bin;C:\ProgramData\Oracle\Java\javapath;C:\WINDOWS\system32;C:\WINDOWS;C:\WINDOWS\System32\Wbem;C:\WINDOWS\System32\WindowsPowerShell\v1.0;C:\Program Files (x86)\Common Files\GTK\2.0\bin;C:\Program Files\Intel\WiFi\bin;C:\Program Files\Common Files\Intel\WirelessCommon;C:\Program Files\Git\cmd;C:\xampp\php;C:\composer;C:\Program Files\nodejs;C:\WINDOWS\System32\OpenSSH;C:\Users\Amit Singh\Anaconda3;C:\Users\Amit Singh\Anaconda3\Library\mingw-w64\bin;C:\Users\Amit Singh\Anaconda3\Library\usr\bin;C:\Users\Amit Singh\Anaconda3\Library\bin;C:\Users\Amit Singh\Anaconda3\Scripts;C:\Program Files\Java\jdk1.8.0_71\bin;C:\Users\Amit Singh\AppData\Local\Microsoft\WindowsApps;C:\Program Files\Intel\WiFi\bin;C:\Program Files\Common Files\Intel\WirelessCommon;C:\Users\Amit Singh\AppData\Roaming\Composer\vendor\bin;C:\Users\Amit Singh\AppData\Roaming\npm;C:\Users\Amit Singh\.babun;C:\Program Files\Microsoft VS Code\bin;C:\Program Files\Git\usr\bin\vendor_perl;C:\Program Files\Git\usr\bin\core_perl

Yarn version: 
  1.6.0

Node version: 
  8.10.0

Platform: 
  win32 x64

Trace: 
  Error: Can't answer a question unless a user TTY
      at ConsoleReporter.question (C:\Users\Amit Singh\AppData\Roaming\npm\node_modules\yarn\lib\cli.js:93239:59)
      at Object.<anonymous> (C:\Users\Amit Singh\AppData\Roaming\npm\node_modules\yarn\lib\cli.js:86193:38)
      at Generator.next (<anonymous>)
      at step (C:\Users\Amit Singh\AppData\Roaming\npm\node_modules\yarn\lib\cli.js:98:30)
      at C:\Users\Amit Singh\AppData\Roaming\npm\node_modules\yarn\lib\cli.js:109:13
      at <anonymous>

npm manifest: 
  No manifest

yarn manifest: 
  No manifest

Lockfile: 
  No lockfile
